(keras) [root@localhost keras-faster-rcnn]# python train.py
/root/anaconda3/envs/keras/lib/python3.6/importlib/_bootstrap.py:219: RuntimeWarning: numpy.dtype size changed, may indicate binary incompatibility. Expected 96, got 88
  return f(*args, **kwds)
/root/anaconda3/envs/keras/lib/python3.6/importlib/_bootstrap.py:219: RuntimeWarning: numpy.dtype size changed, may indicate binary incompatibility. Expected 96, got 88
  return f(*args, **kwds)
Using TensorFlow backend.
Parsing annotation files
all_img_info:9963
2019-02-15 11:34:54.386200: I tensorflow/core/platform/cpu_feature_guard.cc:141] Your CPU supports instructions that this TensorFlow binary was not compiled to use: AVX2 FMA
2019-02-15 11:34:54.486205: I tensorflow/stream_executor/cuda/cuda_gpu_executor.cc:897] successful NUMA node read from SysFS had negative value (-1), but there must be at least one NUMA node, so returning NUMA node zero
2019-02-15 11:34:54.486564: I tensorflow/core/common_runtime/gpu/gpu_device.cc:1392] Found device 0 with properties:
name: GeForce GTX 1080 major: 6 minor: 1 memoryClockRate(GHz): 1.835
pciBusID: 0000:02:00.0
totalMemory: 7.93GiB freeMemory: 7.27GiB
2019-02-15 11:34:54.486602: I tensorflow/core/common_runtime/gpu/gpu_device.cc:1471] Adding visible gpu devices: 0
2019-02-15 11:34:54.692562: I tensorflow/core/common_runtime/gpu/gpu_device.cc:952] Device interconnect StreamExecutor with strength 1 edge matrix:
2019-02-15 11:34:54.692667: I tensorflow/core/common_runtime/gpu/gpu_device.cc:958]      0
2019-02-15 11:34:54.692680: I tensorflow/core/common_runtime/gpu/gpu_device.cc:971] 0:   N
2019-02-15 11:34:54.692934: I tensorflow/core/common_runtime/gpu/gpu_device.cc:1084] Created TensorFlow device (/job:localhost/replica:0/task:0/device:GPU:0 with 7014 MB memory) -> physical GPU (device: 0, name: GeForce GTX 1080, pci bus id: 0000:02:00.0, compute capability: 6.1)
feature_shape:Tensor("gen_anchors/Shape:0", shape=(4,), dtype=int32)
shape:Tensor("gen_anchors/strided_slice:0", shape=(2,), dtype=int32)
__________________________________________________________________________________________________
Layer (type)                    Output Shape         Param #     Connected to
==================================================================================================
input_1 (InputLayer)            (None, 304, 304, 3)  0
__________________________________________________________________________________________________
conv1_pad (ZeroPadding2D)       (None, 310, 310, 3)  0           input_1[0][0]
__________________________________________________________________________________________________
conv1 (Conv2D)                  (None, 152, 152, 64) 9472        conv1_pad[0][0]
__________________________________________________________________________________________________
bn_conv1 (BatchNormalization)   (None, 152, 152, 64) 256         conv1[0][0]
__________________________________________________________________________________________________
activation_1 (Activation)       (None, 152, 152, 64) 0           bn_conv1[0][0]
__________________________________________________________________________________________________
max_pooling2d_1 (MaxPooling2D)  (None, 75, 75, 64)   0           activation_1[0][0]
__________________________________________________________________________________________________
res2a_branch2a (Conv2D)         (None, 75, 75, 64)   4160        max_pooling2d_1[0][0]
__________________________________________________________________________________________________
bn2a_branch2a (BatchNormalizati (None, 75, 75, 64)   256         res2a_branch2a[0][0]
__________________________________________________________________________________________________
activation_2 (Activation)       (None, 75, 75, 64)   0           bn2a_branch2a[0][0]
__________________________________________________________________________________________________
res2a_branch2b (Conv2D)         (None, 75, 75, 64)   36928       activation_2[0][0]
__________________________________________________________________________________________________
bn2a_branch2b (BatchNormalizati (None, 75, 75, 64)   256         res2a_branch2b[0][0]
__________________________________________________________________________________________________
activation_3 (Activation)       (None, 75, 75, 64)   0           bn2a_branch2b[0][0]
__________________________________________________________________________________________________
res2a_branch2c (Conv2D)         (None, 75, 75, 256)  16640       activation_3[0][0]
__________________________________________________________________________________________________
res2a_branch1 (Conv2D)          (None, 75, 75, 256)  16640       max_pooling2d_1[0][0]
__________________________________________________________________________________________________
bn2a_branch2c (BatchNormalizati (None, 75, 75, 256)  1024        res2a_branch2c[0][0]
__________________________________________________________________________________________________
bn2a_branch1 (BatchNormalizatio (None, 75, 75, 256)  1024        res2a_branch1[0][0]
__________________________________________________________________________________________________
add_1 (Add)                     (None, 75, 75, 256)  0           bn2a_branch2c[0][0]
                                                                 bn2a_branch1[0][0]
__________________________________________________________________________________________________
activation_4 (Activation)       (None, 75, 75, 256)  0           add_1[0][0]
__________________________________________________________________________________________________
res2b_branch2a (Conv2D)         (None, 75, 75, 64)   16448       activation_4[0][0]
__________________________________________________________________________________________________
bn2b_branch2a (BatchNormalizati (None, 75, 75, 64)   256         res2b_branch2a[0][0]
__________________________________________________________________________________________________
activation_5 (Activation)       (None, 75, 75, 64)   0           bn2b_branch2a[0][0]
__________________________________________________________________________________________________
res2b_branch2b (Conv2D)         (None, 75, 75, 64)   36928       activation_5[0][0]
__________________________________________________________________________________________________
bn2b_branch2b (BatchNormalizati (None, 75, 75, 64)   256         res2b_branch2b[0][0]
__________________________________________________________________________________________________
activation_6 (Activation)       (None, 75, 75, 64)   0           bn2b_branch2b[0][0]
__________________________________________________________________________________________________
res2b_branch2c (Conv2D)         (None, 75, 75, 256)  16640       activation_6[0][0]
__________________________________________________________________________________________________
bn2b_branch2c (BatchNormalizati (None, 75, 75, 256)  1024        res2b_branch2c[0][0]
__________________________________________________________________________________________________
add_2 (Add)                     (None, 75, 75, 256)  0           bn2b_branch2c[0][0]
                                                                 activation_4[0][0]
__________________________________________________________________________________________________
activation_7 (Activation)       (None, 75, 75, 256)  0           add_2[0][0]
__________________________________________________________________________________________________
res2c_branch2a (Conv2D)         (None, 75, 75, 64)   16448       activation_7[0][0]
__________________________________________________________________________________________________
bn2c_branch2a (BatchNormalizati (None, 75, 75, 64)   256         res2c_branch2a[0][0]
__________________________________________________________________________________________________
activation_8 (Activation)       (None, 75, 75, 64)   0           bn2c_branch2a[0][0]
__________________________________________________________________________________________________
res2c_branch2b (Conv2D)         (None, 75, 75, 64)   36928       activation_8[0][0]
__________________________________________________________________________________________________
bn2c_branch2b (BatchNormalizati (None, 75, 75, 64)   256         res2c_branch2b[0][0]
__________________________________________________________________________________________________
activation_9 (Activation)       (None, 75, 75, 64)   0           bn2c_branch2b[0][0]
__________________________________________________________________________________________________
res2c_branch2c (Conv2D)         (None, 75, 75, 256)  16640       activation_9[0][0]
__________________________________________________________________________________________________
bn2c_branch2c (BatchNormalizati (None, 75, 75, 256)  1024        res2c_branch2c[0][0]
__________________________________________________________________________________________________
add_3 (Add)                     (None, 75, 75, 256)  0           bn2c_branch2c[0][0]
                                                                 activation_7[0][0]
__________________________________________________________________________________________________
activation_10 (Activation)      (None, 75, 75, 256)  0           add_3[0][0]
__________________________________________________________________________________________________
res3a_branch2a (Conv2D)         (None, 38, 38, 128)  32896       activation_10[0][0]
__________________________________________________________________________________________________
bn3a_branch2a (BatchNormalizati (None, 38, 38, 128)  512         res3a_branch2a[0][0]
__________________________________________________________________________________________________
activation_11 (Activation)      (None, 38, 38, 128)  0           bn3a_branch2a[0][0]
__________________________________________________________________________________________________
res3a_branch2b (Conv2D)         (None, 38, 38, 128)  147584      activation_11[0][0]
__________________________________________________________________________________________________
bn3a_branch2b (BatchNormalizati (None, 38, 38, 128)  512         res3a_branch2b[0][0]
__________________________________________________________________________________________________
activation_12 (Activation)      (None, 38, 38, 128)  0           bn3a_branch2b[0][0]
__________________________________________________________________________________________________
res3a_branch2c (Conv2D)         (None, 38, 38, 512)  66048       activation_12[0][0]
__________________________________________________________________________________________________
res3a_branch1 (Conv2D)          (None, 38, 38, 512)  131584      activation_10[0][0]
__________________________________________________________________________________________________
bn3a_branch2c (BatchNormalizati (None, 38, 38, 512)  2048        res3a_branch2c[0][0]
__________________________________________________________________________________________________
bn3a_branch1 (BatchNormalizatio (None, 38, 38, 512)  2048        res3a_branch1[0][0]
__________________________________________________________________________________________________
add_4 (Add)                     (None, 38, 38, 512)  0           bn3a_branch2c[0][0]
                                                                 bn3a_branch1[0][0]
__________________________________________________________________________________________________
activation_13 (Activation)      (None, 38, 38, 512)  0           add_4[0][0]
__________________________________________________________________________________________________
res3b_branch2a (Conv2D)         (None, 38, 38, 128)  65664       activation_13[0][0]
__________________________________________________________________________________________________
bn3b_branch2a (BatchNormalizati (None, 38, 38, 128)  512         res3b_branch2a[0][0]
__________________________________________________________________________________________________
activation_14 (Activation)      (None, 38, 38, 128)  0           bn3b_branch2a[0][0]
__________________________________________________________________________________________________
res3b_branch2b (Conv2D)         (None, 38, 38, 128)  147584      activation_14[0][0]
__________________________________________________________________________________________________
bn3b_branch2b (BatchNormalizati (None, 38, 38, 128)  512         res3b_branch2b[0][0]
__________________________________________________________________________________________________
activation_15 (Activation)      (None, 38, 38, 128)  0           bn3b_branch2b[0][0]
__________________________________________________________________________________________________
res3b_branch2c (Conv2D)         (None, 38, 38, 512)  66048       activation_15[0][0]
__________________________________________________________________________________________________
bn3b_branch2c (BatchNormalizati (None, 38, 38, 512)  2048        res3b_branch2c[0][0]
__________________________________________________________________________________________________
add_5 (Add)                     (None, 38, 38, 512)  0           bn3b_branch2c[0][0]
                                                                 activation_13[0][0]
__________________________________________________________________________________________________
activation_16 (Activation)      (None, 38, 38, 512)  0           add_5[0][0]
__________________________________________________________________________________________________
res3c_branch2a (Conv2D)         (None, 38, 38, 128)  65664       activation_16[0][0]
__________________________________________________________________________________________________
bn3c_branch2a (BatchNormalizati (None, 38, 38, 128)  512         res3c_branch2a[0][0]
__________________________________________________________________________________________________
activation_17 (Activation)      (None, 38, 38, 128)  0           bn3c_branch2a[0][0]
__________________________________________________________________________________________________
res3c_branch2b (Conv2D)         (None, 38, 38, 128)  147584      activation_17[0][0]
__________________________________________________________________________________________________
bn3c_branch2b (BatchNormalizati (None, 38, 38, 128)  512         res3c_branch2b[0][0]
__________________________________________________________________________________________________
activation_18 (Activation)      (None, 38, 38, 128)  0           bn3c_branch2b[0][0]
__________________________________________________________________________________________________
res3c_branch2c (Conv2D)         (None, 38, 38, 512)  66048       activation_18[0][0]
__________________________________________________________________________________________________
bn3c_branch2c (BatchNormalizati (None, 38, 38, 512)  2048        res3c_branch2c[0][0]
__________________________________________________________________________________________________
add_6 (Add)                     (None, 38, 38, 512)  0           bn3c_branch2c[0][0]
                                                                 activation_16[0][0]
__________________________________________________________________________________________________
activation_19 (Activation)      (None, 38, 38, 512)  0           add_6[0][0]
__________________________________________________________________________________________________
res3d_branch2a (Conv2D)         (None, 38, 38, 128)  65664       activation_19[0][0]
__________________________________________________________________________________________________
bn3d_branch2a (BatchNormalizati (None, 38, 38, 128)  512         res3d_branch2a[0][0]
__________________________________________________________________________________________________
activation_20 (Activation)      (None, 38, 38, 128)  0           bn3d_branch2a[0][0]
__________________________________________________________________________________________________
res3d_branch2b (Conv2D)         (None, 38, 38, 128)  147584      activation_20[0][0]
__________________________________________________________________________________________________
bn3d_branch2b (BatchNormalizati (None, 38, 38, 128)  512         res3d_branch2b[0][0]
__________________________________________________________________________________________________
activation_21 (Activation)      (None, 38, 38, 128)  0           bn3d_branch2b[0][0]
__________________________________________________________________________________________________
res3d_branch2c (Conv2D)         (None, 38, 38, 512)  66048       activation_21[0][0]
__________________________________________________________________________________________________
bn3d_branch2c (BatchNormalizati (None, 38, 38, 512)  2048        res3d_branch2c[0][0]
__________________________________________________________________________________________________
add_7 (Add)                     (None, 38, 38, 512)  0           bn3d_branch2c[0][0]
                                                                 activation_19[0][0]
__________________________________________________________________________________________________
activation_22 (Activation)      (None, 38, 38, 512)  0           add_7[0][0]
__________________________________________________________________________________________________
res4a_branch2a (Conv2D)         (None, 19, 19, 256)  131328      activation_22[0][0]
__________________________________________________________________________________________________
bn4a_branch2a (BatchNormalizati (None, 19, 19, 256)  1024        res4a_branch2a[0][0]
__________________________________________________________________________________________________
activation_23 (Activation)      (None, 19, 19, 256)  0           bn4a_branch2a[0][0]
__________________________________________________________________________________________________
res4a_branch2b (Conv2D)         (None, 19, 19, 256)  590080      activation_23[0][0]
__________________________________________________________________________________________________
bn4a_branch2b (BatchNormalizati (None, 19, 19, 256)  1024        res4a_branch2b[0][0]
__________________________________________________________________________________________________
activation_24 (Activation)      (None, 19, 19, 256)  0           bn4a_branch2b[0][0]
__________________________________________________________________________________________________
res4a_branch2c (Conv2D)         (None, 19, 19, 1024) 263168      activation_24[0][0]
__________________________________________________________________________________________________
res4a_branch1 (Conv2D)          (None, 19, 19, 1024) 525312      activation_22[0][0]
__________________________________________________________________________________________________
bn4a_branch2c (BatchNormalizati (None, 19, 19, 1024) 4096        res4a_branch2c[0][0]
__________________________________________________________________________________________________
bn4a_branch1 (BatchNormalizatio (None, 19, 19, 1024) 4096        res4a_branch1[0][0]
__________________________________________________________________________________________________
add_8 (Add)                     (None, 19, 19, 1024) 0           bn4a_branch2c[0][0]
                                                                 bn4a_branch1[0][0]
__________________________________________________________________________________________________
activation_25 (Activation)      (None, 19, 19, 1024) 0           add_8[0][0]
__________________________________________________________________________________________________
res4b_branch2a (Conv2D)         (None, 19, 19, 256)  262400      activation_25[0][0]
__________________________________________________________________________________________________
bn4b_branch2a (BatchNormalizati (None, 19, 19, 256)  1024        res4b_branch2a[0][0]
__________________________________________________________________________________________________
activation_26 (Activation)      (None, 19, 19, 256)  0           bn4b_branch2a[0][0]
__________________________________________________________________________________________________
res4b_branch2b (Conv2D)         (None, 19, 19, 256)  590080      activation_26[0][0]
__________________________________________________________________________________________________
bn4b_branch2b (BatchNormalizati (None, 19, 19, 256)  1024        res4b_branch2b[0][0]
__________________________________________________________________________________________________
activation_27 (Activation)      (None, 19, 19, 256)  0           bn4b_branch2b[0][0]
__________________________________________________________________________________________________
res4b_branch2c (Conv2D)         (None, 19, 19, 1024) 263168      activation_27[0][0]
__________________________________________________________________________________________________
bn4b_branch2c (BatchNormalizati (None, 19, 19, 1024) 4096        res4b_branch2c[0][0]
__________________________________________________________________________________________________
add_9 (Add)                     (None, 19, 19, 1024) 0           bn4b_branch2c[0][0]
                                                                 activation_25[0][0]
__________________________________________________________________________________________________
activation_28 (Activation)      (None, 19, 19, 1024) 0           add_9[0][0]
__________________________________________________________________________________________________
res4c_branch2a (Conv2D)         (None, 19, 19, 256)  262400      activation_28[0][0]
__________________________________________________________________________________________________
bn4c_branch2a (BatchNormalizati (None, 19, 19, 256)  1024        res4c_branch2a[0][0]
__________________________________________________________________________________________________
activation_29 (Activation)      (None, 19, 19, 256)  0           bn4c_branch2a[0][0]
__________________________________________________________________________________________________
res4c_branch2b (Conv2D)         (None, 19, 19, 256)  590080      activation_29[0][0]
__________________________________________________________________________________________________
bn4c_branch2b (BatchNormalizati (None, 19, 19, 256)  1024        res4c_branch2b[0][0]
__________________________________________________________________________________________________
activation_30 (Activation)      (None, 19, 19, 256)  0           bn4c_branch2b[0][0]
__________________________________________________________________________________________________
res4c_branch2c (Conv2D)         (None, 19, 19, 1024) 263168      activation_30[0][0]
__________________________________________________________________________________________________
bn4c_branch2c (BatchNormalizati (None, 19, 19, 1024) 4096        res4c_branch2c[0][0]
__________________________________________________________________________________________________
add_10 (Add)                    (None, 19, 19, 1024) 0           bn4c_branch2c[0][0]
                                                                 activation_28[0][0]
__________________________________________________________________________________________________
activation_31 (Activation)      (None, 19, 19, 1024) 0           add_10[0][0]
__________________________________________________________________________________________________
res4d_branch2a (Conv2D)         (None, 19, 19, 256)  262400      activation_31[0][0]
__________________________________________________________________________________________________
bn4d_branch2a (BatchNormalizati (None, 19, 19, 256)  1024        res4d_branch2a[0][0]
__________________________________________________________________________________________________
activation_32 (Activation)      (None, 19, 19, 256)  0           bn4d_branch2a[0][0]
__________________________________________________________________________________________________
res4d_branch2b (Conv2D)         (None, 19, 19, 256)  590080      activation_32[0][0]
__________________________________________________________________________________________________
bn4d_branch2b (BatchNormalizati (None, 19, 19, 256)  1024        res4d_branch2b[0][0]
__________________________________________________________________________________________________
activation_33 (Activation)      (None, 19, 19, 256)  0           bn4d_branch2b[0][0]
__________________________________________________________________________________________________
res4d_branch2c (Conv2D)         (None, 19, 19, 1024) 263168      activation_33[0][0]
__________________________________________________________________________________________________
bn4d_branch2c (BatchNormalizati (None, 19, 19, 1024) 4096        res4d_branch2c[0][0]
__________________________________________________________________________________________________
add_11 (Add)                    (None, 19, 19, 1024) 0           bn4d_branch2c[0][0]
                                                                 activation_31[0][0]
__________________________________________________________________________________________________
activation_34 (Activation)      (None, 19, 19, 1024) 0           add_11[0][0]
__________________________________________________________________________________________________
res4e_branch2a (Conv2D)         (None, 19, 19, 256)  262400      activation_34[0][0]
__________________________________________________________________________________________________
bn4e_branch2a (BatchNormalizati (None, 19, 19, 256)  1024        res4e_branch2a[0][0]
__________________________________________________________________________________________________
activation_35 (Activation)      (None, 19, 19, 256)  0           bn4e_branch2a[0][0]
__________________________________________________________________________________________________
res4e_branch2b (Conv2D)         (None, 19, 19, 256)  590080      activation_35[0][0]
__________________________________________________________________________________________________
bn4e_branch2b (BatchNormalizati (None, 19, 19, 256)  1024        res4e_branch2b[0][0]
__________________________________________________________________________________________________
activation_36 (Activation)      (None, 19, 19, 256)  0           bn4e_branch2b[0][0]
__________________________________________________________________________________________________
res4e_branch2c (Conv2D)         (None, 19, 19, 1024) 263168      activation_36[0][0]
__________________________________________________________________________________________________
bn4e_branch2c (BatchNormalizati (None, 19, 19, 1024) 4096        res4e_branch2c[0][0]
__________________________________________________________________________________________________
add_12 (Add)                    (None, 19, 19, 1024) 0           bn4e_branch2c[0][0]
                                                                 activation_34[0][0]
__________________________________________________________________________________________________
activation_37 (Activation)      (None, 19, 19, 1024) 0           add_12[0][0]
__________________________________________________________________________________________________
res4f_branch2a (Conv2D)         (None, 19, 19, 256)  262400      activation_37[0][0]
__________________________________________________________________________________________________
bn4f_branch2a (BatchNormalizati (None, 19, 19, 256)  1024        res4f_branch2a[0][0]
__________________________________________________________________________________________________
activation_38 (Activation)      (None, 19, 19, 256)  0           bn4f_branch2a[0][0]
__________________________________________________________________________________________________
res4f_branch2b (Conv2D)         (None, 19, 19, 256)  590080      activation_38[0][0]
__________________________________________________________________________________________________
bn4f_branch2b (BatchNormalizati (None, 19, 19, 256)  1024        res4f_branch2b[0][0]
__________________________________________________________________________________________________
activation_39 (Activation)      (None, 19, 19, 256)  0           bn4f_branch2b[0][0]
__________________________________________________________________________________________________
res4f_branch2c (Conv2D)         (None, 19, 19, 1024) 263168      activation_39[0][0]
__________________________________________________________________________________________________
bn4f_branch2c (BatchNormalizati (None, 19, 19, 1024) 4096        res4f_branch2c[0][0]
__________________________________________________________________________________________________
add_13 (Add)                    (None, 19, 19, 1024) 0           bn4f_branch2c[0][0]
                                                                 activation_37[0][0]
__________________________________________________________________________________________________
activation_40 (Activation)      (None, 19, 19, 1024) 0           add_13[0][0]
__________________________________________________________________________________________________
rpn_conv (Conv2D)               (None, 19, 19, 512)  4719104     activation_40[0][0]
__________________________________________________________________________________________________
input_4 (InputLayer)            (None, 12)           0
__________________________________________________________________________________________________
rpn_class_logits (Conv2D)       (None, 19, 19, 18)   9234        rpn_conv[0][0]
__________________________________________________________________________________________________
input_3 (InputLayer)            (None, 50, 5)        0
__________________________________________________________________________________________________
input_2 (InputLayer)            (None, 50, 2)        0
__________________________________________________________________________________________________
gen_anchors (Anchor)            (None, 3249, 4)      0           activation_40[0][0]
                                                                 input_4[0][0]
__________________________________________________________________________________________________
rpn_deltas (Conv2D)             (None, 19, 19, 36)   18468       rpn_conv[0][0]
__________________________________________________________________________________________________
reshape_1 (Reshape)             (None, 3249, 2)      0           rpn_class_logits[0][0]
__________________________________________________________________________________________________
rpn_target (RpnTarget)          [(None, 256, 2), (No 0           input_3[0][0]
                                                                 input_2[0][0]
                                                                 gen_anchors[0][0]
__________________________________________________________________________________________________
reshape_2 (Reshape)             (None, 3249, 4)      0           rpn_deltas[0][0]
__________________________________________________________________________________________________
rpn_class_loss (Lambda)         (None,)              0           reshape_1[0][0]
                                                                 rpn_target[0][1]
                                                                 rpn_target[0][2]
__________________________________________________________________________________________________
rpn_bbox_loss (Lambda)          ()                   0           reshape_2[0][0]
                                                                 rpn_target[0][0]
                                                                 rpn_target[0][2]
==================================================================================================
Total params: 13,335,990
Trainable params: 13,305,398
Non-trainable params: 30,592
__________________________________________________________________________________________________
Epoch 1/30
4981/4981 [==============================] - 367s 74ms/step - loss: 1.3112 - rpn_bbox_loss: 0.9391 - rpn_class_loss: 0.3721 - gt_num: 3.0824 - positive_anchor_num: 40.5176 - miss_match_gt_num: 0.0000e+00 - gt_match_min_iou: 0.5842

Epoch 00001: saving model to /tmp/frcnn-rpn.001.h5
Epoch 2/30
4981/4981 [==============================] - 361s 73ms/step - loss: 0.6346 - rpn_bbox_loss: 0.3782 - rpn_class_loss: 0.2564 - gt_num: 3.0723 - positive_anchor_num: 41.0126 - miss_match_gt_num: 0.0000e+00 - gt_match_min_iou: 0.5828

Epoch 00002: saving model to /tmp/frcnn-rpn.002.h5
Epoch 3/30
4981/4981 [==============================] - 358s 72ms/step - loss: 0.5572 - rpn_bbox_loss: 0.3377 - rpn_class_loss: 0.2195 - gt_num: 3.0396 - positive_anchor_num: 40.2791 - miss_match_gt_num: 0.0000e+00 - gt_match_min_iou: 0.5847

Epoch 00003: saving model to /tmp/frcnn-rpn.003.h5
Epoch 4/30
4981/4981 [==============================] - 359s 72ms/step - loss: 0.5172 - rpn_bbox_loss: 0.3210 - rpn_class_loss: 0.1962 - gt_num: 3.1003 - positive_anchor_num: 39.9196 - miss_match_gt_num: 0.0000e+00 - gt_match_min_iou: 0.5820

Epoch 00004: saving model to /tmp/frcnn-rpn.004.h5
Epoch 5/30
4981/4981 [==============================] - 351s 71ms/step - loss: 0.4834 - rpn_bbox_loss: 0.3013 - rpn_class_loss: 0.1821 - gt_num: 3.0969 - positive_anchor_num: 40.6899 - miss_match_gt_num: 0.0000e+00 - gt_match_min_iou: 0.5817

Epoch 00005: saving model to /tmp/frcnn-rpn.005.h5
Epoch 6/30
4981/4981 [==============================] - 351s 70ms/step - loss: 0.4565 - rpn_bbox_loss: 0.2881 - rpn_class_loss: 0.1683 - gt_num: 3.0423 - positive_anchor_num: 40.3729 - miss_match_gt_num: 0.0000e+00 - gt_match_min_iou: 0.5842

Epoch 00006: saving model to /tmp/frcnn-rpn.006.h5
Epoch 7/30
4981/4981 [==============================] - 351s 70ms/step - loss: 0.4315 - rpn_bbox_loss: 0.2735 - rpn_class_loss: 0.1580 - gt_num: 2.9714 - positive_anchor_num: 41.2723 - miss_match_gt_num: 0.0000e+00 - gt_match_min_iou: 0.5914

Epoch 00007: saving model to /tmp/frcnn-rpn.007.h5
Epoch 8/30
4981/4981 [==============================] - 355s 71ms/step - loss: 0.4264 - rpn_bbox_loss: 0.2741 - rpn_class_loss: 0.1523 - gt_num: 3.0746 - positive_anchor_num: 40.1840 - miss_match_gt_num: 0.0000e+00 - gt_match_min_iou: 0.5807

Epoch 00008: saving model to /tmp/frcnn-rpn.008.h5
Epoch 9/30
4981/4981 [==============================] - 352s 71ms/step - loss: 0.4111 - rpn_bbox_loss: 0.2650 - rpn_class_loss: 0.1461 - gt_num: 3.0379 - positive_anchor_num: 40.2716 - miss_match_gt_num: 0.0000e+00 - gt_match_min_iou: 0.5807

Epoch 00009: saving model to /tmp/frcnn-rpn.009.h5
Epoch 10/30
4981/4981 [==============================] - 352s 71ms/step - loss: 0.3987 - rpn_bbox_loss: 0.2600 - rpn_class_loss: 0.1386 - gt_num: 3.0829 - positive_anchor_num: 39.7989 - miss_match_gt_num: 0.0000e+00 - gt_match_min_iou: 0.5792

Epoch 00010: saving model to /tmp/frcnn-rpn.010.h5
Epoch 11/30
4981/4981 [==============================] - 352s 71ms/step - loss: 0.3866 - rpn_bbox_loss: 0.2526 - rpn_class_loss: 0.1340 - gt_num: 3.0833 - positive_anchor_num: 40.7835 - miss_match_gt_num: 0.0000e+00 - gt_match_min_iou: 0.5839

Epoch 00011: saving model to /tmp/frcnn-rpn.011.h5
Epoch 12/30
4981/4981 [==============================] - 352s 71ms/step - loss: 0.3720 - rpn_bbox_loss: 0.2445 - rpn_class_loss: 0.1275 - gt_num: 3.0792 - positive_anchor_num: 40.3058 - miss_match_gt_num: 0.0000e+00 - gt_match_min_iou: 0.5822

Epoch 00012: saving model to /tmp/frcnn-rpn.012.h5
Epoch 13/30
4981/4981 [==============================] - 352s 71ms/step - loss: 0.3599 - rpn_bbox_loss: 0.2370 - rpn_class_loss: 0.1228 - gt_num: 3.0379 - positive_anchor_num: 40.5743 - miss_match_gt_num: 0.0000e+00 - gt_match_min_iou: 0.5875

Epoch 00013: saving model to /tmp/frcnn-rpn.013.h5
Epoch 14/30
4981/4981 [==============================] - 356s 71ms/step - loss: 0.3549 - rpn_bbox_loss: 0.2376 - rpn_class_loss: 0.1174 - gt_num: 3.1030 - positive_anchor_num: 40.8258 - miss_match_gt_num: 0.0000e+00 - gt_match_min_iou: 0.5823

Epoch 00014: saving model to /tmp/frcnn-rpn.014.h5
Epoch 15/30
4981/4981 [==============================] - 351s 71ms/step - loss: 0.3426 - rpn_bbox_loss: 0.2271 - rpn_class_loss: 0.1155 - gt_num: 3.1125 - positive_anchor_num: 40.5632 - miss_match_gt_num: 0.0000e+00 - gt_match_min_iou: 0.5792

Epoch 00015: saving model to /tmp/frcnn-rpn.015.h5
Epoch 16/30
4981/4981 [==============================] - 352s 71ms/step - loss: 0.3363 - rpn_bbox_loss: 0.2251 - rpn_class_loss: 0.1112 - gt_num: 3.0684 - positive_anchor_num: 40.5808 - miss_match_gt_num: 0.0000e+00 - gt_match_min_iou: 0.5834

Epoch 00016: saving model to /tmp/frcnn-rpn.016.h5
Epoch 17/30
4981/4981 [==============================] - 351s 70ms/step - loss: 0.3292 - rpn_bbox_loss: 0.2203 - rpn_class_loss: 0.1089 - gt_num: 3.1567 - positive_anchor_num: 40.6923 - miss_match_gt_num: 0.0000e+00 - gt_match_min_iou: 0.5795

Epoch 00017: saving model to /tmp/frcnn-rpn.017.h5
Epoch 18/30
4981/4981 [==============================] - 351s 71ms/step - loss: 0.3169 - rpn_bbox_loss: 0.2156 - rpn_class_loss: 0.1013 - gt_num: 3.0678 - positive_anchor_num: 40.8504 - miss_match_gt_num: 0.0000e+00 - gt_match_min_iou: 0.5804

Epoch 00018: saving model to /tmp/frcnn-rpn.018.h5
Epoch 19/30
4981/4981 [==============================] - 352s 71ms/step - loss: 0.3127 - rpn_bbox_loss: 0.2124 - rpn_class_loss: 0.1003 - gt_num: 3.1092 - positive_anchor_num: 40.6113 - miss_match_gt_num: 0.0000e+00 - gt_match_min_iou: 0.5799

Epoch 00019: saving model to /tmp/frcnn-rpn.019.h5
Epoch 20/30
4981/4981 [==============================] - 352s 71ms/step - loss: 0.3043 - rpn_bbox_loss: 0.2074 - rpn_class_loss: 0.0969 - gt_num: 3.1072 - positive_anchor_num: 39.8510 - miss_match_gt_num: 0.0000e+00 - gt_match_min_iou: 0.5772

Epoch 00020: saving model to /tmp/frcnn-rpn.020.h5
Epoch 21/30
4981/4981 [==============================] - 351s 71ms/step - loss: 0.2860 - rpn_bbox_loss: 0.1967 - rpn_class_loss: 0.0893 - gt_num: 3.0272 - positive_anchor_num: 41.4955 - miss_match_gt_num: 0.0000e+00 - gt_match_min_iou: 0.5875

Epoch 00021: saving model to /tmp/frcnn-rpn.021.h5
Epoch 22/30
4981/4981 [==============================] - 352s 71ms/step - loss: 0.2798 - rpn_bbox_loss: 0.1932 - rpn_class_loss: 0.0865 - gt_num: 3.0861 - positive_anchor_num: 40.9604 - miss_match_gt_num: 0.0000e+00 - gt_match_min_iou: 0.5840

Epoch 00022: saving model to /tmp/frcnn-rpn.022.h5
Epoch 23/30
4981/4981 [==============================] - 352s 71ms/step - loss: 0.2799 - rpn_bbox_loss: 0.1960 - rpn_class_loss: 0.0839 - gt_num: 3.0828 - positive_anchor_num: 40.6220 - miss_match_gt_num: 0.0000e+00 - gt_match_min_iou: 0.5765

Epoch 00023: saving model to /tmp/frcnn-rpn.023.h5
Epoch 24/30
4981/4981 [==============================] - 344s 69ms/step - loss: 0.2661 - rpn_bbox_loss: 0.1860 - rpn_class_loss: 0.0800 - gt_num: 3.1063 - positive_anchor_num: 40.9976 - miss_match_gt_num: 0.0000e+00 - gt_match_min_iou: 0.5817

Epoch 00024: saving model to /tmp/frcnn-rpn.024.h5
Epoch 25/30
4981/4981 [==============================] - 332s 67ms/step - loss: 0.2596 - rpn_bbox_loss: 0.1826 - rpn_class_loss: 0.0770 - gt_num: 3.0417 - positive_anchor_num: 40.6733 - miss_match_gt_num: 0.0000e+00 - gt_match_min_iou: 0.5844

Epoch 00025: saving model to /tmp/frcnn-rpn.025.h5
Epoch 26/30
4981/4981 [==============================] - 331s 66ms/step - loss: 0.2593 - rpn_bbox_loss: 0.1823 - rpn_class_loss: 0.0770 - gt_num: 3.0886 - positive_anchor_num: 40.9469 - miss_match_gt_num: 0.0000e+00 - gt_match_min_iou: 0.5823

Epoch 00026: saving model to /tmp/frcnn-rpn.026.h5
Epoch 27/30
4981/4981 [==============================] - 330s 66ms/step - loss: 0.2566 - rpn_bbox_loss: 0.1803 - rpn_class_loss: 0.0762 - gt_num: 3.0488 - positive_anchor_num: 40.7034 - miss_match_gt_num: 0.0000e+00 - gt_match_min_iou: 0.5839

Epoch 00027: saving model to /tmp/frcnn-rpn.027.h5
Epoch 28/30
4981/4981 [==============================] - 333s 67ms/step - loss: 0.2525 - rpn_bbox_loss: 0.1778 - rpn_class_loss: 0.0747 - gt_num: 3.0708 - positive_anchor_num: 40.3437 - miss_match_gt_num: 0.0000e+00 - gt_match_min_iou: 0.5827

Epoch 00028: saving model to /tmp/frcnn-rpn.028.h5
Epoch 29/30
4981/4981 [==============================] - 330s 66ms/step - loss: 0.2545 - rpn_bbox_loss: 0.1805 - rpn_class_loss: 0.0740 - gt_num: 3.1757 - positive_anchor_num: 40.9643 - miss_match_gt_num: 0.0000e+00 - gt_match_min_iou: 0.5770

Epoch 00029: saving model to /tmp/frcnn-rpn.029.h5
Epoch 30/30
4981/4981 [==============================] - 330s 66ms/step - loss: 0.2447 - rpn_bbox_loss: 0.1729 - rpn_class_loss: 0.0719 - gt_num: 3.0716 - positive_anchor_num: 40.5324 - miss_match_gt_num: 0.0000e+00 - gt_match_min_iou: 0.5821

Epoch 00030: saving model to /tmp/frcnn-rpn.030.h5
