nohup: 忽略输入
2019-02-15 17:33:09.351625: I tensorflow/core/platform/cpu_feature_guard.cc:141] Your CPU supports instructions that this TensorFlow binary was not compiled to use: AVX2 FMA
2019-02-15 17:33:09.447362: I tensorflow/stream_executor/cuda/cuda_gpu_executor.cc:897] successful NUMA node read from SysFS had negative value (-1), but there must be at least one NUMA node, so returning NUMA node zero
2019-02-15 17:33:09.447707: I tensorflow/core/common_runtime/gpu/gpu_device.cc:1392] Found device 0 with properties: 
name: GeForce GTX 1080 major: 6 minor: 1 memoryClockRate(GHz): 1.835
pciBusID: 0000:02:00.0
totalMemory: 7.93GiB freeMemory: 7.07GiB
2019-02-15 17:33:09.447724: I tensorflow/core/common_runtime/gpu/gpu_device.cc:1471] Adding visible gpu devices: 0
2019-02-15 17:33:09.633729: I tensorflow/core/common_runtime/gpu/gpu_device.cc:952] Device interconnect StreamExecutor with strength 1 edge matrix:
2019-02-15 17:33:09.633761: I tensorflow/core/common_runtime/gpu/gpu_device.cc:958]      0 
2019-02-15 17:33:09.633769: I tensorflow/core/common_runtime/gpu/gpu_device.cc:971] 0:   N 
2019-02-15 17:33:09.633893: I tensorflow/core/common_runtime/gpu/gpu_device.cc:1084] Created TensorFlow device (/job:localhost/replica:0/task:0/device:GPU:0 with 6821 MB memory) -> physical GPU (device: 0, name: GeForce GTX 1080, pci bus id: 0000:02:00.0, compute capability: 6.1)
Parsing annotation files
all_img_info:9963
feature_shape:Tensor("gen_anchors/Shape:0", shape=(4,), dtype=int32)
shape:Tensor("gen_anchors/strided_slice:0", shape=(2,), dtype=int32)
__________________________________________________________________________________________________
Layer (type)                    Output Shape         Param #     Connected to                     
==================================================================================================
input_1 (InputLayer)            (None, 304, 304, 3)  0                                            
__________________________________________________________________________________________________
conv1_pad (ZeroPadding2D)       (None, 310, 310, 3)  0           input_1[0][0]                    
__________________________________________________________________________________________________
conv1 (Conv2D)                  (None, 152, 152, 64) 9472        conv1_pad[0][0]                  
__________________________________________________________________________________________________
bn_conv1 (BatchNormalization)   (None, 152, 152, 64) 256         conv1[0][0]                      
__________________________________________________________________________________________________
activation_1 (Activation)       (None, 152, 152, 64) 0           bn_conv1[0][0]                   
__________________________________________________________________________________________________
max_pooling2d_1 (MaxPooling2D)  (None, 75, 75, 64)   0           activation_1[0][0]               
__________________________________________________________________________________________________
res2a_branch2a (Conv2D)         (None, 75, 75, 64)   4160        max_pooling2d_1[0][0]            
__________________________________________________________________________________________________
bn2a_branch2a (BatchNormalizati (None, 75, 75, 64)   256         res2a_branch2a[0][0]             
__________________________________________________________________________________________________
activation_2 (Activation)       (None, 75, 75, 64)   0           bn2a_branch2a[0][0]              
__________________________________________________________________________________________________
res2a_branch2b (Conv2D)         (None, 75, 75, 64)   36928       activation_2[0][0]               
__________________________________________________________________________________________________
bn2a_branch2b (BatchNormalizati (None, 75, 75, 64)   256         res2a_branch2b[0][0]             
__________________________________________________________________________________________________
activation_3 (Activation)       (None, 75, 75, 64)   0           bn2a_branch2b[0][0]              
__________________________________________________________________________________________________
res2a_branch2c (Conv2D)         (None, 75, 75, 256)  16640       activation_3[0][0]               
__________________________________________________________________________________________________
res2a_branch1 (Conv2D)          (None, 75, 75, 256)  16640       max_pooling2d_1[0][0]            
__________________________________________________________________________________________________
bn2a_branch2c (BatchNormalizati (None, 75, 75, 256)  1024        res2a_branch2c[0][0]             
__________________________________________________________________________________________________
bn2a_branch1 (BatchNormalizatio (None, 75, 75, 256)  1024        res2a_branch1[0][0]              
__________________________________________________________________________________________________
add_1 (Add)                     (None, 75, 75, 256)  0           bn2a_branch2c[0][0]              
                                                                 bn2a_branch1[0][0]               
__________________________________________________________________________________________________
activation_4 (Activation)       (None, 75, 75, 256)  0           add_1[0][0]                      
__________________________________________________________________________________________________
res2b_branch2a (Conv2D)         (None, 75, 75, 64)   16448       activation_4[0][0]               
__________________________________________________________________________________________________
bn2b_branch2a (BatchNormalizati (None, 75, 75, 64)   256         res2b_branch2a[0][0]             
__________________________________________________________________________________________________
activation_5 (Activation)       (None, 75, 75, 64)   0           bn2b_branch2a[0][0]              
__________________________________________________________________________________________________
res2b_branch2b (Conv2D)         (None, 75, 75, 64)   36928       activation_5[0][0]               
__________________________________________________________________________________________________
bn2b_branch2b (BatchNormalizati (None, 75, 75, 64)   256         res2b_branch2b[0][0]             
__________________________________________________________________________________________________
activation_6 (Activation)       (None, 75, 75, 64)   0           bn2b_branch2b[0][0]              
__________________________________________________________________________________________________
res2b_branch2c (Conv2D)         (None, 75, 75, 256)  16640       activation_6[0][0]               
__________________________________________________________________________________________________
bn2b_branch2c (BatchNormalizati (None, 75, 75, 256)  1024        res2b_branch2c[0][0]             
__________________________________________________________________________________________________
add_2 (Add)                     (None, 75, 75, 256)  0           bn2b_branch2c[0][0]              
                                                                 activation_4[0][0]               
__________________________________________________________________________________________________
activation_7 (Activation)       (None, 75, 75, 256)  0           add_2[0][0]                      
__________________________________________________________________________________________________
res2c_branch2a (Conv2D)         (None, 75, 75, 64)   16448       activation_7[0][0]               
__________________________________________________________________________________________________
bn2c_branch2a (BatchNormalizati (None, 75, 75, 64)   256         res2c_branch2a[0][0]             
__________________________________________________________________________________________________
activation_8 (Activation)       (None, 75, 75, 64)   0           bn2c_branch2a[0][0]              
__________________________________________________________________________________________________
res2c_branch2b (Conv2D)         (None, 75, 75, 64)   36928       activation_8[0][0]               
__________________________________________________________________________________________________
bn2c_branch2b (BatchNormalizati (None, 75, 75, 64)   256         res2c_branch2b[0][0]             
__________________________________________________________________________________________________
activation_9 (Activation)       (None, 75, 75, 64)   0           bn2c_branch2b[0][0]              
__________________________________________________________________________________________________
res2c_branch2c (Conv2D)         (None, 75, 75, 256)  16640       activation_9[0][0]               
__________________________________________________________________________________________________
bn2c_branch2c (BatchNormalizati (None, 75, 75, 256)  1024        res2c_branch2c[0][0]             
__________________________________________________________________________________________________
add_3 (Add)                     (None, 75, 75, 256)  0           bn2c_branch2c[0][0]              
                                                                 activation_7[0][0]               
__________________________________________________________________________________________________
activation_10 (Activation)      (None, 75, 75, 256)  0           add_3[0][0]                      
__________________________________________________________________________________________________
res3a_branch2a (Conv2D)         (None, 38, 38, 128)  32896       activation_10[0][0]              
__________________________________________________________________________________________________
bn3a_branch2a (BatchNormalizati (None, 38, 38, 128)  512         res3a_branch2a[0][0]             
__________________________________________________________________________________________________
activation_11 (Activation)      (None, 38, 38, 128)  0           bn3a_branch2a[0][0]              
__________________________________________________________________________________________________
res3a_branch2b (Conv2D)         (None, 38, 38, 128)  147584      activation_11[0][0]              
__________________________________________________________________________________________________
bn3a_branch2b (BatchNormalizati (None, 38, 38, 128)  512         res3a_branch2b[0][0]             
__________________________________________________________________________________________________
activation_12 (Activation)      (None, 38, 38, 128)  0           bn3a_branch2b[0][0]              
__________________________________________________________________________________________________
res3a_branch2c (Conv2D)         (None, 38, 38, 512)  66048       activation_12[0][0]              
__________________________________________________________________________________________________
res3a_branch1 (Conv2D)          (None, 38, 38, 512)  131584      activation_10[0][0]              
__________________________________________________________________________________________________
bn3a_branch2c (BatchNormalizati (None, 38, 38, 512)  2048        res3a_branch2c[0][0]             
__________________________________________________________________________________________________
bn3a_branch1 (BatchNormalizatio (None, 38, 38, 512)  2048        res3a_branch1[0][0]              
__________________________________________________________________________________________________
add_4 (Add)                     (None, 38, 38, 512)  0           bn3a_branch2c[0][0]              
                                                                 bn3a_branch1[0][0]               
__________________________________________________________________________________________________
activation_13 (Activation)      (None, 38, 38, 512)  0           add_4[0][0]                      
__________________________________________________________________________________________________
res3b_branch2a (Conv2D)         (None, 38, 38, 128)  65664       activation_13[0][0]              
__________________________________________________________________________________________________
bn3b_branch2a (BatchNormalizati (None, 38, 38, 128)  512         res3b_branch2a[0][0]             
__________________________________________________________________________________________________
activation_14 (Activation)      (None, 38, 38, 128)  0           bn3b_branch2a[0][0]              
__________________________________________________________________________________________________
res3b_branch2b (Conv2D)         (None, 38, 38, 128)  147584      activation_14[0][0]              
__________________________________________________________________________________________________
bn3b_branch2b (BatchNormalizati (None, 38, 38, 128)  512         res3b_branch2b[0][0]             
__________________________________________________________________________________________________
activation_15 (Activation)      (None, 38, 38, 128)  0           bn3b_branch2b[0][0]              
__________________________________________________________________________________________________
res3b_branch2c (Conv2D)         (None, 38, 38, 512)  66048       activation_15[0][0]              
__________________________________________________________________________________________________
bn3b_branch2c (BatchNormalizati (None, 38, 38, 512)  2048        res3b_branch2c[0][0]             
__________________________________________________________________________________________________
add_5 (Add)                     (None, 38, 38, 512)  0           bn3b_branch2c[0][0]              
                                                                 activation_13[0][0]              
__________________________________________________________________________________________________
activation_16 (Activation)      (None, 38, 38, 512)  0           add_5[0][0]                      
__________________________________________________________________________________________________
res3c_branch2a (Conv2D)         (None, 38, 38, 128)  65664       activation_16[0][0]              
__________________________________________________________________________________________________
bn3c_branch2a (BatchNormalizati (None, 38, 38, 128)  512         res3c_branch2a[0][0]             
__________________________________________________________________________________________________
activation_17 (Activation)      (None, 38, 38, 128)  0           bn3c_branch2a[0][0]              
__________________________________________________________________________________________________
res3c_branch2b (Conv2D)         (None, 38, 38, 128)  147584      activation_17[0][0]              
__________________________________________________________________________________________________
bn3c_branch2b (BatchNormalizati (None, 38, 38, 128)  512         res3c_branch2b[0][0]             
__________________________________________________________________________________________________
activation_18 (Activation)      (None, 38, 38, 128)  0           bn3c_branch2b[0][0]              
__________________________________________________________________________________________________
res3c_branch2c (Conv2D)         (None, 38, 38, 512)  66048       activation_18[0][0]              
__________________________________________________________________________________________________
bn3c_branch2c (BatchNormalizati (None, 38, 38, 512)  2048        res3c_branch2c[0][0]             
__________________________________________________________________________________________________
add_6 (Add)                     (None, 38, 38, 512)  0           bn3c_branch2c[0][0]              
                                                                 activation_16[0][0]              
__________________________________________________________________________________________________
activation_19 (Activation)      (None, 38, 38, 512)  0           add_6[0][0]                      
__________________________________________________________________________________________________
res3d_branch2a (Conv2D)         (None, 38, 38, 128)  65664       activation_19[0][0]              
__________________________________________________________________________________________________
bn3d_branch2a (BatchNormalizati (None, 38, 38, 128)  512         res3d_branch2a[0][0]             
__________________________________________________________________________________________________
activation_20 (Activation)      (None, 38, 38, 128)  0           bn3d_branch2a[0][0]              
__________________________________________________________________________________________________
res3d_branch2b (Conv2D)         (None, 38, 38, 128)  147584      activation_20[0][0]              
__________________________________________________________________________________________________
bn3d_branch2b (BatchNormalizati (None, 38, 38, 128)  512         res3d_branch2b[0][0]             
__________________________________________________________________________________________________
activation_21 (Activation)      (None, 38, 38, 128)  0           bn3d_branch2b[0][0]              
__________________________________________________________________________________________________
res3d_branch2c (Conv2D)         (None, 38, 38, 512)  66048       activation_21[0][0]              
__________________________________________________________________________________________________
bn3d_branch2c (BatchNormalizati (None, 38, 38, 512)  2048        res3d_branch2c[0][0]             
__________________________________________________________________________________________________
add_7 (Add)                     (None, 38, 38, 512)  0           bn3d_branch2c[0][0]              
                                                                 activation_19[0][0]              
__________________________________________________________________________________________________
activation_22 (Activation)      (None, 38, 38, 512)  0           add_7[0][0]                      
__________________________________________________________________________________________________
res4a_branch2a (Conv2D)         (None, 19, 19, 256)  131328      activation_22[0][0]              
__________________________________________________________________________________________________
bn4a_branch2a (BatchNormalizati (None, 19, 19, 256)  1024        res4a_branch2a[0][0]             
__________________________________________________________________________________________________
activation_23 (Activation)      (None, 19, 19, 256)  0           bn4a_branch2a[0][0]              
__________________________________________________________________________________________________
res4a_branch2b (Conv2D)         (None, 19, 19, 256)  590080      activation_23[0][0]              
__________________________________________________________________________________________________
bn4a_branch2b (BatchNormalizati (None, 19, 19, 256)  1024        res4a_branch2b[0][0]             
__________________________________________________________________________________________________
activation_24 (Activation)      (None, 19, 19, 256)  0           bn4a_branch2b[0][0]              
__________________________________________________________________________________________________
res4a_branch2c (Conv2D)         (None, 19, 19, 1024) 263168      activation_24[0][0]              
__________________________________________________________________________________________________
res4a_branch1 (Conv2D)          (None, 19, 19, 1024) 525312      activation_22[0][0]              
__________________________________________________________________________________________________
bn4a_branch2c (BatchNormalizati (None, 19, 19, 1024) 4096        res4a_branch2c[0][0]             
__________________________________________________________________________________________________
bn4a_branch1 (BatchNormalizatio (None, 19, 19, 1024) 4096        res4a_branch1[0][0]              
__________________________________________________________________________________________________
add_8 (Add)                     (None, 19, 19, 1024) 0           bn4a_branch2c[0][0]              
                                                                 bn4a_branch1[0][0]               
__________________________________________________________________________________________________
activation_25 (Activation)      (None, 19, 19, 1024) 0           add_8[0][0]                      
__________________________________________________________________________________________________
res4b_branch2a (Conv2D)         (None, 19, 19, 256)  262400      activation_25[0][0]              
__________________________________________________________________________________________________
bn4b_branch2a (BatchNormalizati (None, 19, 19, 256)  1024        res4b_branch2a[0][0]             
__________________________________________________________________________________________________
activation_26 (Activation)      (None, 19, 19, 256)  0           bn4b_branch2a[0][0]              
__________________________________________________________________________________________________
res4b_branch2b (Conv2D)         (None, 19, 19, 256)  590080      activation_26[0][0]              
__________________________________________________________________________________________________
bn4b_branch2b (BatchNormalizati (None, 19, 19, 256)  1024        res4b_branch2b[0][0]             
__________________________________________________________________________________________________
activation_27 (Activation)      (None, 19, 19, 256)  0           bn4b_branch2b[0][0]              
__________________________________________________________________________________________________
res4b_branch2c (Conv2D)         (None, 19, 19, 1024) 263168      activation_27[0][0]              
__________________________________________________________________________________________________
bn4b_branch2c (BatchNormalizati (None, 19, 19, 1024) 4096        res4b_branch2c[0][0]             
__________________________________________________________________________________________________
add_9 (Add)                     (None, 19, 19, 1024) 0           bn4b_branch2c[0][0]              
                                                                 activation_25[0][0]              
__________________________________________________________________________________________________
activation_28 (Activation)      (None, 19, 19, 1024) 0           add_9[0][0]                      
__________________________________________________________________________________________________
res4c_branch2a (Conv2D)         (None, 19, 19, 256)  262400      activation_28[0][0]              
__________________________________________________________________________________________________
bn4c_branch2a (BatchNormalizati (None, 19, 19, 256)  1024        res4c_branch2a[0][0]             
__________________________________________________________________________________________________
activation_29 (Activation)      (None, 19, 19, 256)  0           bn4c_branch2a[0][0]              
__________________________________________________________________________________________________
res4c_branch2b (Conv2D)         (None, 19, 19, 256)  590080      activation_29[0][0]              
__________________________________________________________________________________________________
bn4c_branch2b (BatchNormalizati (None, 19, 19, 256)  1024        res4c_branch2b[0][0]             
__________________________________________________________________________________________________
activation_30 (Activation)      (None, 19, 19, 256)  0           bn4c_branch2b[0][0]              
__________________________________________________________________________________________________
res4c_branch2c (Conv2D)         (None, 19, 19, 1024) 263168      activation_30[0][0]              
__________________________________________________________________________________________________
bn4c_branch2c (BatchNormalizati (None, 19, 19, 1024) 4096        res4c_branch2c[0][0]             
__________________________________________________________________________________________________
add_10 (Add)                    (None, 19, 19, 1024) 0           bn4c_branch2c[0][0]              
                                                                 activation_28[0][0]              
__________________________________________________________________________________________________
activation_31 (Activation)      (None, 19, 19, 1024) 0           add_10[0][0]                     
__________________________________________________________________________________________________
res4d_branch2a (Conv2D)         (None, 19, 19, 256)  262400      activation_31[0][0]              
__________________________________________________________________________________________________
bn4d_branch2a (BatchNormalizati (None, 19, 19, 256)  1024        res4d_branch2a[0][0]             
__________________________________________________________________________________________________
activation_32 (Activation)      (None, 19, 19, 256)  0           bn4d_branch2a[0][0]              
__________________________________________________________________________________________________
res4d_branch2b (Conv2D)         (None, 19, 19, 256)  590080      activation_32[0][0]              
__________________________________________________________________________________________________
bn4d_branch2b (BatchNormalizati (None, 19, 19, 256)  1024        res4d_branch2b[0][0]             
__________________________________________________________________________________________________
activation_33 (Activation)      (None, 19, 19, 256)  0           bn4d_branch2b[0][0]              
__________________________________________________________________________________________________
res4d_branch2c (Conv2D)         (None, 19, 19, 1024) 263168      activation_33[0][0]              
__________________________________________________________________________________________________
bn4d_branch2c (BatchNormalizati (None, 19, 19, 1024) 4096        res4d_branch2c[0][0]             
__________________________________________________________________________________________________
add_11 (Add)                    (None, 19, 19, 1024) 0           bn4d_branch2c[0][0]              
                                                                 activation_31[0][0]              
__________________________________________________________________________________________________
activation_34 (Activation)      (None, 19, 19, 1024) 0           add_11[0][0]                     
__________________________________________________________________________________________________
res4e_branch2a (Conv2D)         (None, 19, 19, 256)  262400      activation_34[0][0]              
__________________________________________________________________________________________________
bn4e_branch2a (BatchNormalizati (None, 19, 19, 256)  1024        res4e_branch2a[0][0]             
__________________________________________________________________________________________________
activation_35 (Activation)      (None, 19, 19, 256)  0           bn4e_branch2a[0][0]              
__________________________________________________________________________________________________
res4e_branch2b (Conv2D)         (None, 19, 19, 256)  590080      activation_35[0][0]              
__________________________________________________________________________________________________
bn4e_branch2b (BatchNormalizati (None, 19, 19, 256)  1024        res4e_branch2b[0][0]             
__________________________________________________________________________________________________
activation_36 (Activation)      (None, 19, 19, 256)  0           bn4e_branch2b[0][0]              
__________________________________________________________________________________________________
res4e_branch2c (Conv2D)         (None, 19, 19, 1024) 263168      activation_36[0][0]              
__________________________________________________________________________________________________
bn4e_branch2c (BatchNormalizati (None, 19, 19, 1024) 4096        res4e_branch2c[0][0]             
__________________________________________________________________________________________________
add_12 (Add)                    (None, 19, 19, 1024) 0           bn4e_branch2c[0][0]              
                                                                 activation_34[0][0]              
__________________________________________________________________________________________________
activation_37 (Activation)      (None, 19, 19, 1024) 0           add_12[0][0]                     
__________________________________________________________________________________________________
res4f_branch2a (Conv2D)         (None, 19, 19, 256)  262400      activation_37[0][0]              
__________________________________________________________________________________________________
bn4f_branch2a (BatchNormalizati (None, 19, 19, 256)  1024        res4f_branch2a[0][0]             
__________________________________________________________________________________________________
activation_38 (Activation)      (None, 19, 19, 256)  0           bn4f_branch2a[0][0]              
__________________________________________________________________________________________________
res4f_branch2b (Conv2D)         (None, 19, 19, 256)  590080      activation_38[0][0]              
__________________________________________________________________________________________________
bn4f_branch2b (BatchNormalizati (None, 19, 19, 256)  1024        res4f_branch2b[0][0]             
__________________________________________________________________________________________________
activation_39 (Activation)      (None, 19, 19, 256)  0           bn4f_branch2b[0][0]              
__________________________________________________________________________________________________
res4f_branch2c (Conv2D)         (None, 19, 19, 1024) 263168      activation_39[0][0]              
__________________________________________________________________________________________________
bn4f_branch2c (BatchNormalizati (None, 19, 19, 1024) 4096        res4f_branch2c[0][0]             
__________________________________________________________________________________________________
add_13 (Add)                    (None, 19, 19, 1024) 0           bn4f_branch2c[0][0]              
                                                                 activation_37[0][0]              
__________________________________________________________________________________________________
activation_40 (Activation)      (None, 19, 19, 1024) 0           add_13[0][0]                     
__________________________________________________________________________________________________
rpn_conv (Conv2D)               (None, 19, 19, 512)  4719104     activation_40[0][0]              
__________________________________________________________________________________________________
rpn_class_logits (Conv2D)       (None, 19, 19, 18)   9234        rpn_conv[0][0]                   
__________________________________________________________________________________________________
input_4 (InputLayer)            (None, 12)           0                                            
__________________________________________________________________________________________________
rpn_deltas (Conv2D)             (None, 19, 19, 36)   18468       rpn_conv[0][0]                   
__________________________________________________________________________________________________
reshape_1 (Reshape)             (None, 3249, 2)      0           rpn_class_logits[0][0]           
__________________________________________________________________________________________________
gen_anchors (Anchor)            (None, 3249, 4)      0           activation_40[0][0]              
                                                                 input_4[0][0]                    
__________________________________________________________________________________________________
reshape_2 (Reshape)             (None, 3249, 4)      0           rpn_deltas[0][0]                 
__________________________________________________________________________________________________
input_3 (InputLayer)            (None, 50, 5)        0                                            
__________________________________________________________________________________________________
input_2 (InputLayer)            (None, 50, 2)        0                                            
__________________________________________________________________________________________________
rpn2proposals (RpnToProposal)   [(None, 2000, 5), (N 0           reshape_2[0][0]                  
                                                                 reshape_1[0][0]                  
                                                                 gen_anchors[0][0]                
__________________________________________________________________________________________________
rcnn_target (DetectTarget)      [(None, 200, 5), (No 0           input_3[0][0]                    
                                                                 input_2[0][0]                    
                                                                 rpn2proposals[0][0]              
__________________________________________________________________________________________________
roi_align_1 (RoiAlign)          (None, 200, 7, 7, 10 0           activation_40[0][0]              
                                                                 rcnn_target[0][2]                
__________________________________________________________________________________________________
time_distributed_1 (TimeDistrib (None, 200, 1, 1, 10 51381248    roi_align_1[0][0]                
__________________________________________________________________________________________________
time_distributed_2 (TimeDistrib (None, 200, 1, 1, 10 4096        time_distributed_1[0][0]         
__________________________________________________________________________________________________
activation_41 (Activation)      (None, 200, 1, 1, 10 0           time_distributed_2[0][0]         
__________________________________________________________________________________________________
time_distributed_3 (TimeDistrib (None, 200, 1, 1, 10 1049600     activation_41[0][0]              
__________________________________________________________________________________________________
time_distributed_4 (TimeDistrib (None, 200, 1, 1, 10 4096        time_distributed_3[0][0]         
__________________________________________________________________________________________________
activation_42 (Activation)      (None, 200, 1, 1, 10 0           time_distributed_4[0][0]         
__________________________________________________________________________________________________
lambda_1 (Lambda)               (None, 200, 1024)    0           activation_42[0][0]              
__________________________________________________________________________________________________
time_distributed_6 (TimeDistrib (None, 200, 84)      86100       lambda_1[0][0]                   
__________________________________________________________________________________________________
rpn_target (RpnTarget)          [(None, 256, 2), (No 0           input_3[0][0]                    
                                                                 input_2[0][0]                    
                                                                 gen_anchors[0][0]                
__________________________________________________________________________________________________
reshape_3 (Reshape)             (None, 200, 21, 4)   0           time_distributed_6[0][0]         
__________________________________________________________________________________________________
time_distributed_5 (TimeDistrib (None, 200, 21)      21525       lambda_1[0][0]                   
__________________________________________________________________________________________________
rpn_class_loss (Lambda)         (None,)              0           reshape_1[0][0]                  
                                                                 rpn_target[0][1]                 
                                                                 rpn_target[0][2]                 
__________________________________________________________________________________________________
rpn_bbox_loss (Lambda)          ()                   0           reshape_2[0][0]                  
                                                                 rpn_target[0][0]                 
                                                                 rpn_target[0][2]                 
__________________________________________________________________________________________________
rcnn_bbox_loss (Lambda)         ()                   0           reshape_3[0][0]                  
                                                                 rcnn_target[0][0]                
                                                                 rcnn_target[0][1]                
__________________________________________________________________________________________________
rcnn_class_loss (Lambda)        (None,)              0           time_distributed_5[0][0]         
                                                                 rcnn_target[0][1]                
==================================================================================================
Total params: 65,882,655
Trainable params: 65,847,967
Non-trainable params: 34,688
__________________________________________________________________________________________________
Epoch 1/20
4981/4981 [==============================] - 1603s 322ms/step - loss: 1.5947 - rpn_bbox_loss: 0.2083 - rpn_class_loss: 0.0762 - rcnn_bbox_loss: 0.5289 - rcnn_class_loss: 0.7813 - gt_num: 3.0034 - positive_anchor_num: 39.8412 - miss_match_gt_num: 0.0059 - gt_match_min_iou: 0.5830 - rcnn_miss_match_gt_num: 0.8413

Epoch 00001: saving model to /tmp/frcnn-rcnn.001.h5
Epoch 2/20
4981/4981 [==============================] - 1609s 323ms/step - loss: 1.3580 - rpn_bbox_loss: 0.2185 - rpn_class_loss: 0.0765 - rcnn_bbox_loss: 0.4309 - rcnn_class_loss: 0.6321 - gt_num: 3.1242 - positive_anchor_num: 39.6129 - miss_match_gt_num: 0.0084 - gt_match_min_iou: 0.5743 - rcnn_miss_match_gt_num: 0.9352

Epoch 00002: saving model to /tmp/frcnn-rcnn.002.h5
Epoch 3/20
4981/4981 [==============================] - 1598s 321ms/step - loss: 1.2762 - rpn_bbox_loss: 0.2145 - rpn_class_loss: 0.0762 - rcnn_bbox_loss: 0.3948 - rcnn_class_loss: 0.5906 - gt_num: 3.0675 - positive_anchor_num: 40.4819 - miss_match_gt_num: 0.0081 - gt_match_min_iou: 0.5836 - rcnn_miss_match_gt_num: 0.8936

Epoch 00003: saving model to /tmp/frcnn-rcnn.003.h5
Epoch 4/20
4981/4981 [==============================] - 1582s 318ms/step - loss: 1.2116 - rpn_bbox_loss: 0.2127 - rpn_class_loss: 0.0741 - rcnn_bbox_loss: 0.3696 - rcnn_class_loss: 0.5552 - gt_num: 3.0346 - positive_anchor_num: 41.1596 - miss_match_gt_num: 0.0087 - gt_match_min_iou: 0.5850 - rcnn_miss_match_gt_num: 0.8651

Epoch 00004: saving model to /tmp/frcnn-rcnn.004.h5
Epoch 5/20
4981/4981 [==============================] - 1579s 317ms/step - loss: 1.1709 - rpn_bbox_loss: 0.2128 - rpn_class_loss: 0.0715 - rcnn_bbox_loss: 0.3559 - rcnn_class_loss: 0.5307 - gt_num: 3.0700 - positive_anchor_num: 40.0758 - miss_match_gt_num: 0.0088 - gt_match_min_iou: 0.5781 - rcnn_miss_match_gt_num: 0.8927

Epoch 00005: saving model to /tmp/frcnn-rcnn.005.h5
Epoch 6/20
4981/4981 [==============================] - 1586s 318ms/step - loss: 1.1216 - rpn_bbox_loss: 0.2056 - rpn_class_loss: 0.0697 - rcnn_bbox_loss: 0.3358 - rcnn_class_loss: 0.5105 - gt_num: 3.0648 - positive_anchor_num: 40.4478 - miss_match_gt_num: 0.0078 - gt_match_min_iou: 0.5848 - rcnn_miss_match_gt_num: 0.8685

Epoch 00006: saving model to /tmp/frcnn-rcnn.006.h5
Epoch 7/20
4981/4981 [==============================] - 1583s 318ms/step - loss: 1.0947 - rpn_bbox_loss: 0.2061 - rpn_class_loss: 0.0670 - rcnn_bbox_loss: 0.3255 - rcnn_class_loss: 0.4960 - gt_num: 3.0780 - positive_anchor_num: 40.0633 - miss_match_gt_num: 0.0075 - gt_match_min_iou: 0.5784 - rcnn_miss_match_gt_num: 0.8943

Epoch 00007: saving model to /tmp/frcnn-rcnn.007.h5
Epoch 8/20
4981/4981 [==============================] - 1586s 318ms/step - loss: 1.0580 - rpn_bbox_loss: 0.2030 - rpn_class_loss: 0.0675 - rcnn_bbox_loss: 0.3106 - rcnn_class_loss: 0.4769 - gt_num: 3.0663 - positive_anchor_num: 40.7184 - miss_match_gt_num: 0.0083 - gt_match_min_iou: 0.5839 - rcnn_miss_match_gt_num: 0.8852

Epoch 00008: saving model to /tmp/frcnn-rcnn.008.h5
Epoch 9/20
4981/4981 [==============================] - 1589s 319ms/step - loss: 1.0400 - rpn_bbox_loss: 0.2027 - rpn_class_loss: 0.0645 - rcnn_bbox_loss: 0.3075 - rcnn_class_loss: 0.4653 - gt_num: 3.0229 - positive_anchor_num: 39.6120 - miss_match_gt_num: 0.0066 - gt_match_min_iou: 0.5781 - rcnn_miss_match_gt_num: 0.8636

Epoch 00009: saving model to /tmp/frcnn-rcnn.009.h5
Epoch 10/20
4981/4981 [==============================] - 1591s 319ms/step - loss: 1.0145 - rpn_bbox_loss: 0.1944 - rpn_class_loss: 0.0618 - rcnn_bbox_loss: 0.2911 - rcnn_class_loss: 0.4672 - gt_num: 3.0114 - positive_anchor_num: 40.5855 - miss_match_gt_num: 0.0066 - gt_match_min_iou: 0.5863 - rcnn_miss_match_gt_num: 0.8258

Epoch 00010: saving model to /tmp/frcnn-rcnn.010.h5
Epoch 11/20
4981/4981 [==============================] - 1590s 319ms/step - loss: 0.9953 - rpn_bbox_loss: 0.1971 - rpn_class_loss: 0.0620 - rcnn_bbox_loss: 0.2887 - rcnn_class_loss: 0.4475 - gt_num: 3.0742 - positive_anchor_num: 40.5117 - miss_match_gt_num: 0.0092 - gt_match_min_iou: 0.5783 - rcnn_miss_match_gt_num: 0.8791

Epoch 00011: saving model to /tmp/frcnn-rcnn.011.h5
Epoch 12/20
4981/4981 [==============================] - 1589s 319ms/step - loss: 0.9706 - rpn_bbox_loss: 0.1959 - rpn_class_loss: 0.0610 - rcnn_bbox_loss: 0.2781 - rcnn_class_loss: 0.4356 - gt_num: 3.0479 - positive_anchor_num: 39.9261 - miss_match_gt_num: 0.0070 - gt_match_min_iou: 0.5821 - rcnn_miss_match_gt_num: 0.8439

Epoch 00012: saving model to /tmp/frcnn-rcnn.012.h5
Epoch 13/20
4981/4981 [==============================] - 1591s 319ms/step - loss: 0.9584 - rpn_bbox_loss: 0.1928 - rpn_class_loss: 0.0601 - rcnn_bbox_loss: 0.2735 - rcnn_class_loss: 0.4320 - gt_num: 3.0755 - positive_anchor_num: 40.1825 - miss_match_gt_num: 0.0075 - gt_match_min_iou: 0.5798 - rcnn_miss_match_gt_num: 0.8508

Epoch 00013: saving model to /tmp/frcnn-rcnn.013.h5
Epoch 14/20
4981/4981 [==============================] - 1589s 319ms/step - loss: 0.9334 - rpn_bbox_loss: 0.1892 - rpn_class_loss: 0.0576 - rcnn_bbox_loss: 0.2644 - rcnn_class_loss: 0.4223 - gt_num: 3.0461 - positive_anchor_num: 40.3501 - miss_match_gt_num: 0.0058 - gt_match_min_iou: 0.5853 - rcnn_miss_match_gt_num: 0.8481

Epoch 00014: saving model to /tmp/frcnn-rcnn.014.h5
Epoch 15/20
4981/4981 [==============================] - 1593s 320ms/step - loss: 0.9154 - rpn_bbox_loss: 0.1864 - rpn_class_loss: 0.0554 - rcnn_bbox_loss: 0.2560 - rcnn_class_loss: 0.4176 - gt_num: 3.0905 - positive_anchor_num: 40.4972 - miss_match_gt_num: 0.0063 - gt_match_min_iou: 0.5824 - rcnn_miss_match_gt_num: 0.8466

Epoch 00015: saving model to /tmp/frcnn-rcnn.015.h5
Epoch 16/20
4981/4981 [==============================] - 1593s 320ms/step - loss: 0.9029 - rpn_bbox_loss: 0.1857 - rpn_class_loss: 0.0548 - rcnn_bbox_loss: 0.2534 - rcnn_class_loss: 0.4090 - gt_num: 3.0815 - positive_anchor_num: 40.9359 - miss_match_gt_num: 0.0085 - gt_match_min_iou: 0.5813 - rcnn_miss_match_gt_num: 0.8573

Epoch 00016: saving model to /tmp/frcnn-rcnn.016.h5
Epoch 17/20
4981/4981 [==============================] - 1597s 321ms/step - loss: 0.8810 - rpn_bbox_loss: 0.1833 - rpn_class_loss: 0.0532 - rcnn_bbox_loss: 0.2434 - rcnn_class_loss: 0.4012 - gt_num: 3.0401 - positive_anchor_num: 41.0112 - miss_match_gt_num: 0.0071 - gt_match_min_iou: 0.5844 - rcnn_miss_match_gt_num: 0.8103

Epoch 00017: saving model to /tmp/frcnn-rcnn.017.h5
Epoch 18/20
4981/4981 [==============================] - 1597s 321ms/step - loss: 0.8800 - rpn_bbox_loss: 0.1824 - rpn_class_loss: 0.0537 - rcnn_bbox_loss: 0.2432 - rcnn_class_loss: 0.4006 - gt_num: 3.0844 - positive_anchor_num: 40.8583 - miss_match_gt_num: 0.0080 - gt_match_min_iou: 0.5845 - rcnn_miss_match_gt_num: 0.8596

Epoch 00018: saving model to /tmp/frcnn-rcnn.018.h5
Epoch 19/20
4981/4981 [==============================] - 1592s 320ms/step - loss: 0.8518 - rpn_bbox_loss: 0.1775 - rpn_class_loss: 0.0502 - rcnn_bbox_loss: 0.2330 - rcnn_class_loss: 0.3911 - gt_num: 3.0540 - positive_anchor_num: 40.4663 - miss_match_gt_num: 0.0076 - gt_match_min_iou: 0.5841 - rcnn_miss_match_gt_num: 0.8169

Epoch 00019: saving model to /tmp/frcnn-rcnn.019.h5
Epoch 20/20
4981/4981 [==============================] - 1593s 320ms/step - loss: 0.8399 - rpn_bbox_loss: 0.1734 - rpn_class_loss: 0.0497 - rcnn_bbox_loss: 0.2294 - rcnn_class_loss: 0.3874 - gt_num: 3.0283 - positive_anchor_num: 40.8666 - miss_match_gt_num: 0.0087 - gt_match_min_iou: 0.5859 - rcnn_miss_match_gt_num: 0.7865
/root/anaconda3/envs/keras/lib/python3.6/importlib/_bootstrap.py:219: RuntimeWarning: numpy.dtype size changed, may indicate binary incompatibility. Expected 96, got 88
  return f(*args, **kwds)
/root/anaconda3/envs/keras/lib/python3.6/importlib/_bootstrap.py:219: RuntimeWarning: numpy.dtype size changed, may indicate binary incompatibility. Expected 96, got 88
  return f(*args, **kwds)
Using TensorFlow backend.
/root/anaconda3/envs/keras/lib/python3.6/site-packages/tensorflow/python/ops/gradients_impl.py:100: UserWarning: Converting sparse IndexedSlices to a dense Tensor of unknown shape. This may consume a large amount of memory.
  "Converting sparse IndexedSlices to a dense Tensor of unknown shape. "

Epoch 00020: saving model to /tmp/frcnn-rcnn.020.h5
